<?xml version="1.0" encoding="UTF-8"?>
<!-- Generated by org.testng.reporters.JUnitReportReporter -->
<testsuite hostname="Tech-Nayan" failures="0" tests="8" name="growpitalTestClass.ValidatingPersonalInformation" time="206.475" errors="0" timestamp="20 Apr 2023 10:08:38 GMT" skipped="0">
  <testcase classname="growpitalTestClass.ValidatingPersonalInformation" name="ValidationOfUserType" time="26.138"/>
  <testcase classname="growpitalTestClass.ValidatingPersonalInformation" name="ValidationOfFullName" time="25.765"/>
  <testcase classname="growpitalTestClass.ValidatingPersonalInformation" name="ValidationOfPanNo" time="25.767"/>
  <testcase classname="growpitalTestClass.ValidatingPersonalInformation" name="ValidationOfAadhaarCard" time="25.787"/>
  <testcase classname="growpitalTestClass.ValidatingPersonalInformation" name="ValidationOfEmail" time="25.748"/>
  <testcase classname="growpitalTestClass.ValidatingPersonalInformation" name="ValidationOfPhoneNumber" time="25.761"/>
  <testcase classname="growpitalTestClass.ValidatingPersonalInformation" name="ValidationOfDateofBirth" time="25.736"/>
  <testcase classname="growpitalTestClass.ValidatingPersonalInformation" name="ValidationOfAddress" time="25.773"/>
</testsuite> <!-- growpitalTestClass.ValidatingPersonalInformation -->
