<?xml version="1.0" encoding="UTF-8"?>
<!-- Generated by org.testng.reporters.JUnitReportReporter -->
<testsuite hostname="Tech-Nayan" failures="0" tests="3" name="growpitalTestClass.ValidatingSucessfullyLoginMessage" time="62.165" errors="0" timestamp="20 Apr 2023 09:59:16 GMT" skipped="0">
  <testcase classname="growpitalTestClass.ValidatingSucessfullyLoginMessage" name="validateSucessfullLoginMessage" time="19.689"/>
  <testcase classname="growpitalTestClass.ValidatingSucessfullyLoginMessage" name="validateUserName" time="23.763"/>
  <testcase classname="growpitalTestClass.ValidatingSucessfullyLoginMessage" name="validateEmailId" time="18.713"/>
</testsuite> <!-- growpitalTestClass.ValidatingSucessfullyLoginMessage -->
